<?xml version="1.0" encoding="UTF-8"?>
<testng-results skipped="0" failed="0" ignored="0" total="1" passed="1">
  <reporter-output>
  </reporter-output>
  <suite name="Surefire suite" duration-ms="5459" started-at="2021-05-20T20:29:41 EDT" finished-at="2021-05-20T20:29:46 EDT">
    <groups>
    </groups>
    <test name="Surefire test" duration-ms="5459" started-at="2021-05-20T20:29:41 EDT" finished-at="2021-05-20T20:29:46 EDT">
      <class name="TestPage.aboutUsTests">
        <test-method status="PASS" signature="getUrl()[pri:0, instance:TestPage.aboutUsTests@4f7d0008]" name="getUrl" duration-ms="5393" started-at="2021-05-20T20:29:41 EDT" finished-at="2021-05-20T20:29:46 EDT">
          <reporter-output>
          </reporter-output>
        </test-method> <!-- getUrl -->
      </class> <!-- TestPage.aboutUsTests -->
    </test> <!-- Surefire test -->
  </suite> <!-- Surefire suite -->
</testng-results>
