<?xml version="1.0" encoding="UTF-8"?>
<testng-results skipped="0" failed="0" ignored="0" total="1" passed="1">
  <reporter-output>
  </reporter-output>
  <suite name="Test Suite" duration-ms="7065" started-at="2021-05-16T10:27:35 EDT" finished-at="2021-05-16T10:27:42 EDT">
    <groups>
    </groups>
    <test name="Regression Tests" duration-ms="7065" started-at="2021-05-16T10:27:35 EDT" finished-at="2021-05-16T10:27:42 EDT">
      <class name="TestPage.aboutUsTests">
        <test-method status="PASS" signature="getUrl()[pri:0, instance:TestPage.aboutUsTests@3fd7a715]" name="getUrl" duration-ms="6987" started-at="2021-05-16T10:27:35 EDT" finished-at="2021-05-16T10:27:42 EDT">
          <reporter-output>
          </reporter-output>
        </test-method> <!-- getUrl -->
      </class> <!-- TestPage.aboutUsTests -->
    </test> <!-- Regression Tests -->
  </suite> <!-- Test Suite -->
</testng-results>
